[debug] [2022-05-01T11:33:38.058Z] ----------------------------------------------------------------------
[debug] [2022-05-01T11:33:38.060Z] Command:       C:\Program Files\nodejs\node.exe C:\Users\USER\AppData\Roaming\npm\node_modules\firebase-tools\lib\bin\firebase.js deploy
[debug] [2022-05-01T11:33:38.060Z] CLI Version:   10.6.0
[debug] [2022-05-01T11:33:38.060Z] Platform:      win32
[debug] [2022-05-01T11:33:38.061Z] Node Version:  v16.13.1
[debug] [2022-05-01T11:33:38.061Z] Time:          Sun May 01 2022 17:33:38 GMT+0600 (Bangladesh Standard Time)
[debug] [2022-05-01T11:33:38.062Z] ----------------------------------------------------------------------
[debug] 
[debug] [2022-05-01T11:33:38.126Z] > command requires scopes: ["email","openid","https://www.googleapis.com/auth/cloudplatformprojects.readonly","https://www.googleapis.com/auth/firebase","https://www.googleapis.com/auth/cloud-platform"]
[debug] [2022-05-01T11:33:38.126Z] > authorizing via signed-in user (rokyyy40@gmail.com)
[debug] [2022-05-01T11:33:38.126Z] [iam] checking project perfume-stores for permissions ["firebase.projects.get","firebasehosting.sites.update"]
[debug] [2022-05-01T11:33:38.128Z] >>> [apiv2][query] POST https://cloudresourcemanager.googleapis.com/v1/projects/perfume-stores:testIamPermissions [none]
[debug] [2022-05-01T11:33:38.129Z] >>> [apiv2][body] POST https://cloudresourcemanager.googleapis.com/v1/projects/perfume-stores:testIamPermissions {"permissions":["firebase.projects.get","firebasehosting.sites.update"]}
[debug] [2022-05-01T11:33:39.499Z] <<< [apiv2][status] POST https://cloudresourcemanager.googleapis.com/v1/projects/perfume-stores:testIamPermissions 200
[debug] [2022-05-01T11:33:39.499Z] <<< [apiv2][body] POST https://cloudresourcemanager.googleapis.com/v1/projects/perfume-stores:testIamPermissions {"permissions":["firebase.projects.get","firebasehosting.sites.update"]}
[debug] [2022-05-01T11:33:39.502Z] >>> [apiv2][query] GET https://firebase.googleapis.com/v1beta1/projects/perfume-stores [none]
[debug] [2022-05-01T11:33:40.449Z] <<< [apiv2][status] GET https://firebase.googleapis.com/v1beta1/projects/perfume-stores 200
[debug] [2022-05-01T11:33:40.450Z] <<< [apiv2][body] GET https://firebase.googleapis.com/v1beta1/projects/perfume-stores {"projectId":"perfume-stores","projectNumber":"251222802935","displayName":"perfume-stores","name":"projects/perfume-stores","resources":{"hostingSite":"perfume-stores"},"state":"ACTIVE"}
[info] 
[info] === Deploying to 'perfume-stores'...
[info] 
[info] i  deploying hosting 
[debug] [2022-05-01T11:33:40.461Z] >>> [apiv2][query] GET https://firebase.googleapis.com/v1beta1/projects/perfume-stores [none]
[debug] [2022-05-01T11:33:41.302Z] <<< [apiv2][status] GET https://firebase.googleapis.com/v1beta1/projects/perfume-stores 200
[debug] [2022-05-01T11:33:41.302Z] <<< [apiv2][body] GET https://firebase.googleapis.com/v1beta1/projects/perfume-stores {"projectId":"perfume-stores","projectNumber":"251222802935","displayName":"perfume-stores","name":"projects/perfume-stores","resources":{"hostingSite":"perfume-stores"},"state":"ACTIVE"}
[debug] [2022-05-01T11:33:41.309Z] >>> [apiv2][query] POST https://firebasehosting.googleapis.com/v1beta1/projects/251222802935/sites/perfume-stores/versions [none]
[debug] [2022-05-01T11:33:41.310Z] >>> [apiv2][body] POST https://firebasehosting.googleapis.com/v1beta1/projects/251222802935/sites/perfume-stores/versions {"config":{},"labels":{"deployment-tool":"cli-firebase"}}
[debug] [2022-05-01T11:33:42.967Z] <<< [apiv2][status] POST https://firebasehosting.googleapis.com/v1beta1/projects/251222802935/sites/perfume-stores/versions 500
[debug] [2022-05-01T11:33:42.968Z] <<< [apiv2][body] POST https://firebasehosting.googleapis.com/v1beta1/projects/251222802935/sites/perfume-stores/versions {"error":{"code":500,"message":"Internal error encountered.","status":"INTERNAL"}}
[error] 
[error] Error: HTTP Error: 500, Internal error encountered.
[debug] [2022-05-01T11:33:43.423Z] Error Context: {
  "body": {
    "error": {
      "code": 500,
      "message": "Internal error encountered.",
      "status": "INTERNAL"
    }
  },
  "response": {
    "statusCode": 500
  }
}
